[LOG] System::create                           : Header version = 2.02.22. Current version = 2.02.22.
[LOG] Manager::init                            : maxchannels = 256 studioflags = 00000006 flags 00000000 extradriverdata 0000000000000000.
[LOG] SystemI::init                            : Initialize version=20222 (142841), maxchannels=256, flags=0x00020000
[LOG] SystemI::setOutputInternal               : Setting output to 'FMOD WASAPI Output'
[LOG] OutputWASAPI::init                       : Mix Format (WAVEFORMATEX): wFormatTag=0xFFFE, nChannels=2, nSamplesPerSec=48000, nAvgBytesPerSec=384000, nBlockAlign=8, wBitsPerSample=32, cbSize=22.
[LOG] OutputWASAPI::init                       : Mix Format (WAVEFORMATEXTENSIBLE): wValidBitsPerSample=32, dwChannelMask=0x00000003, SubFormat=00000003-0000-0010-8000-00AA00389B71.
[LOG] OutputWASAPI::init                       : Output buffer size: 4096 samples, latency: 0.00ms, period: 10.00ms, DSP buffer: 1024 * 4
[LOG] Thread::initThread                       : Init FMOD stream thread. Affinity: 0x4000000000000003, Priority: 0xFFFF7FFB, Stack Size: 98304, Semaphore: No, Sleep Time: 10, Looping: Yes.
[LOG] Thread::initThread                       : Init FMOD mixer thread. Affinity: 0x4000000000000001, Priority: 0xFFFF7FFA, Stack Size: 81920, Semaphore: No, Sleep Time: 0, Looping: Yes.
[LOG] AsyncManager::init                       : manager 000002CB1C744088 isAsync 0 updatePeriod 0.02
[LOG] AsyncManager::init                       : done
[LOG] PlaybackSystem::init                     : 
[LOG] Thread::initThread                       : Init FMOD Studio sample load thread. Affinity: 0x4000000000000003, Priority: 0xFFFF7FFD, Stack Size: 98304, Semaphore: No, Sleep Time: 1, Looping: No.
[LOG] PlaybackSystem::init                     : done
[LOG] Thread::initThread                       : Init FMOD Studio bank load thread. Affinity: 0x4000000000000003, Priority: 0xFFFF7FFD, Stack Size: 98304, Semaphore: No, Sleep Time: 1, Looping: No.
[LOG] Manager::init                            : done.
[LOG] Manager::readBank                        : fileversion = 142, compatVersion = 140 (oldest = 44, newest = 142)
[LOG] Manager::readBank                        : fileversion = 142, compatVersion = 140 (oldest = 44, newest = 142)
[LOG] Manager::readBank                        : fileversion = 142, compatVersion = 140 (oldest = 44, newest = 142)
[LOG] Manager::readBank                        : fileversion = 142, compatVersion = 140 (oldest = 44, newest = 142)
[LOG] PlaybackSystem::acquireMasterBus         : Setting master channel group format to 6
[LOG] SystemI::createSound                     : filename = You're It FMOD/You're It/Build/Desktop/Music.bank : mode 02010082
[LOG] SystemI::createSound                     : FMOD_NONBLOCKING specified.  Putting into queue to be opened asynchronously!
[LOG] Thread::initThread                       : Init FMOD nonblocking thread (0). Affinity: 0x4000000000000003, Priority: 0xFFFF7FFC, Stack Size: 114688, Semaphore: Yes, Sleep Time: 0, Looping: Yes.
[LOG] AsyncThread::add                         : add sound to async queue : soundi = 000002CB1D177A38, queue head = 000002CAEE9351A8, queue count = 0
[LOG] AsyncThread::threadFunc                  : Starting Asynchronous operation on sound 000002CB1D177A38
[LOG] SystemI::createSoundInternal             :     Create name='You're It FMOD/You're It/Build/Desktop/Music.bank', mode=0x02010082
[LOG] SystemI::createSoundInternal             :     exinfo->cbsize             = 224
[LOG] SystemI::createSoundInternal             :     exinfo->length             = 10262208
[LOG] SystemI::createSoundInternal             :     exinfo->fileoffset         = 9472
[LOG] SystemI::createSoundInternal             :     exinfo->numsubsounds       = 1
[LOG] SystemI::createSoundInternal             :     exinfo->inclusionlist      = 000002CB133F2BE0
[LOG] SystemI::createSoundInternal             :     exinfo->inclusionlistnum   = 1
[LOG] SystemI::createSoundInternal             :     exinfo->suggestedsoundtype = 5
[LOG] SystemI::createSoundInternal             :     exinfo->initialseekpostype = 1
[LOG] SystemI::createSoundInternal             :     Create name='', mode=0x02000202
[LOG] SystemI::createSoundInternal             :     exinfo->cbsize             = 224
[LOG] SystemI::createSoundInternal             :     exinfo->length             = 882016
[LOG] SystemI::createSoundInternal             :     exinfo->fileoffset         = 7488
[LOG] SystemI::createSoundInternal             :     exinfo->numsubsounds       = 1
[LOG] SystemI::createSoundInternal             :     exinfo->inclusionlist      = 000000E191C6F478
[LOG] SystemI::createSoundInternal             :     exinfo->inclusionlistnum   = 1
[LOG] SystemI::createSoundInternal             :     exinfo->suggestedsoundtype = 5
[LOG] SystemI::createSoundInternal             :     exinfo->useropen           = 00007FFB18DC4130
[LOG] SystemI::createSoundInternal             :     exinfo->userclose          = 00007FFB18DC40F0
[LOG] SystemI::createSoundInternal             :     exinfo->userread           = 00007FFB18DC4210
[LOG] SystemI::createSoundInternal             :     exinfo->userseek           = 00007FFB18DC42D0
[LOG] SystemI::createSoundInternal             :     exinfo->fileuserdata       = 000002CB890C8F58
[LOG] SystemI::createSoundInternal             :     exinfo->initialseekpostype = 1
[LOG] SystemI::DSPCodecPoolRegister            :     register codec pool for pool type 5
[LOG] SystemI::createSoundInternal             :     Stream 0/1: name='LEVEL 3', format=5, channels=2, frequency=48000, lengthbytes=957536, lengthpcm=3534545, pcmblocksize=0, loopstart=0, loopend=0, mode=0x00000000, channelmask=0x00000000, channelorder=0, peakvolume=0.718672.
[LOG] SystemI::createSoundInternal             :     Sample 0/1: name='underwater-6236', format=5, channels=2, frequency=48000, lengthbytes=74272, lengthpcm=372096, pcmblocksize=0, loopstart=0, loopend=0, mode=0x00000000, channelmask=0x00000000, channelorder=0, peakvolume=0.405396.
[LOG] SystemI::createSoundInternal             :     Create name='', mode=0x02000202
[LOG] SystemI::createSoundInternal             :     exinfo->cbsize             = 224
[LOG] SystemI::createSoundInternal             :     exinfo->length             = 141632
[LOG] SystemI::createSoundInternal             :     exinfo->fileoffset         = 10496
[LOG] SystemI::createSoundInternal             :     exinfo->numsubsounds       = 1
[LOG] SystemI::createSoundInternal             :     exinfo->inclusionlist      = 000000E191C6F478
[LOG] SystemI::createSoundInternal             :     exinfo->inclusionlistnum   = 1
[LOG] SystemI::createSoundInternal             :     exinfo->suggestedsoundtype = 5
[LOG] SystemI::createSoundInternal             :     exinfo->useropen           = 00007FFB18DC4130
[LOG] SystemI::createSoundInternal             :     exinfo->userclose          = 00007FFB18DC40F0
[LOG] SystemI::createSoundInternal             :     exinfo->userread           = 00007FFB18DC4210
[LOG] SystemI::createSoundInternal             :     exinfo->userseek           = 00007FFB18DC42D0
[LOG] SystemI::createSoundInternal             :     exinfo->fileuserdata       = 000002CB890C8F58
[LOG] SystemI::createSoundInternal             :     exinfo->initialseekpostype = 1
[LOG] Thread::initThread                       :     Init FMOD file thread. Affinity: 0x4000000000000003, Priority: 0xFFFF7FFC, Stack Size: 65536, Semaphore: No, Sleep Time: 10, Looping: Yes.
[LOG] SystemI::DSPCodecPoolRegister            :     register codec pool for pool type 5
[LOG] SystemI::createSoundInternal             :     Sample 0/1: name='lvl 3 step 1', format=5, channels=2, frequency=48000, lengthbytes=7648, lengthpcm=113180, pcmblocksize=0, loopstart=0, loopend=0, mode=0x00000000, channelmask=0x00000000, channelorder=0, peakvolume=0.098259.
[LOG] SystemI::createSoundInternal             :     Create name='', mode=0x02000202
[LOG] SystemI::createSoundInternal             :     exinfo->cbsize             = 224
[LOG] SystemI::createSoundInternal             :     exinfo->length             = 141632
[LOG] SystemI::createSoundInternal             :     exinfo->fileoffset         = 10496
[LOG] SystemI::createSoundInternal             :     exinfo->numsubsounds       = 1
[LOG] SystemI::createSoundInternal             :     exinfo->inclusionlist      = 000000E191C6F478
[LOG] SystemI::createSoundInternal             :     exinfo->inclusionlistnum   = 1
[LOG] SystemI::createSoundInternal             :     exinfo->suggestedsoundtype = 5
[LOG] SystemI::createSoundInternal             :     exinfo->useropen           = 00007FFB18DC4130
[LOG] SystemI::createSoundInternal             :     exinfo->userclose          = 00007FFB18DC40F0
[LOG] SystemI::createSoundInternal             :     exinfo->userread           = 00007FFB18DC4210
[LOG] SystemI::createSoundInternal             :     exinfo->userseek           = 00007FFB18DC42D0
[LOG] SystemI::createSoundInternal             :     exinfo->fileuserdata       = 000002CB890C8F58
[LOG] SystemI::createSoundInternal             :     exinfo->initialseekpostype = 1
[LOG] SystemI::DSPCodecPoolRegister            :     register codec pool for pool type 5
[LOG] SystemI::createSoundInternal             :     Sample 0/1: name='lvl 3 step 4', format=5, channels=2, frequency=48000, lengthbytes=7584, lengthpcm=96000, pcmblocksize=0, loopstart=0, loopend=0, mode=0x00000000, channelmask=0x00000000, channelorder=0, peakvolume=0.118235.
[LOG] SystemI::createSoundInternal             :     Create name='', mode=0x02000202
[LOG] SystemI::createSoundInternal             :     exinfo->cbsize             = 224
[LOG] SystemI::createSoundInternal             :     exinfo->length             = 141632
[LOG] SystemI::createSoundInternal             :     exinfo->fileoffset         = 10496
[LOG] SystemI::createSoundInternal             :     exinfo->numsubsounds       = 1
[LOG] SystemI::createSoundInternal             :     exinfo->inclusionlist      = 000000E191C6F478
[LOG] SystemI::createSoundInternal             :     exinfo->inclusionlistnum   = 1
[LOG] SystemI::createSoundInternal             :     exinfo->suggestedsoundtype = 5
[LOG] SystemI::createSoundInternal             :     exinfo->useropen           = 00007FFB18DC4130
[LOG] SystemI::createSoundInternal             :     exinfo->userclose          = 00007FFB18DC40F0
[LOG] SystemI::createSoundInternal             :     exinfo->userread           = 00007FFB18DC4210
[LOG] SystemI::createSoundInternal             :     exinfo->userseek           = 00007FFB18DC42D0
[LOG] SystemI::createSoundInternal             :     exinfo->fileuserdata       = 000002CB890C8F58
[LOG] SystemI::createSoundInternal             :     exinfo->initialseekpostype = 1
[LOG] SystemI::DSPCodecPoolRegister            :     register codec pool for pool type 5
[LOG] SystemI::createSoundInternal             :     Sample 0/1: name='lvl 3 step 10', format=5, channels=2, frequency=48000, lengthbytes=7424, lengthpcm=96899, pcmblocksize=0, loopstart=0, loopend=0, mode=0x00000000, channelmask=0x00000000, channelorder=0, peakvolume=0.170915.
[LOG] SystemI::createSoundInternal             :     Create name='', mode=0x02000202
[LOG] SystemI::createSoundInternal             :     exinfo->cbsize             = 224
[LOG] SystemI::createSoundInternal             :     exinfo->length             = 141632
[LOG] SystemI::createSoundInternal             :     exinfo->fileoffset         = 10496
[LOG] SystemI::createSoundInternal             :     exinfo->numsubsounds       = 1
[LOG] SystemI::createSoundInternal             :     exinfo->inclusionlist      = 000000E191C6F478
[LOG] SystemI::createSoundInternal             :     exinfo->inclusionlistnum   = 1
[LOG] SystemI::createSoundInternal             :     exinfo->suggestedsoundtype = 5
[LOG] SystemI::createSoundInternal             :     exinfo->useropen           = 00007FFB18DC4130
[LOG] SystemI::createSoundInternal             :     exinfo->userclose          = 00007FFB18DC40F0
[LOG] SystemI::createSoundInternal             :     exinfo->userread           = 00007FFB18DC4210
[LOG] SystemI::createSoundInternal             :     exinfo->userseek           = 00007FFB18DC42D0
[LOG] SystemI::createSoundInternal             :     exinfo->fileuserdata       = 000002CB890C8F58
[LOG] SystemI::createSoundInternal             :     exinfo->initialseekpostype = 1
[LOG] SystemI::DSPCodecPoolRegister            :     register codec pool for pool type 5
[LOG] SystemI::createSoundInternal             :     Sample 0/1: name='lvl 3 step 9', format=5, channels=2, frequency=48000, lengthbytes=8608, lengthpcm=99269, pcmblocksize=0, loopstart=0, loopend=0, mode=0x00000000, channelmask=0x00000000, channelorder=0, peakvolume=0.224200.
[LOG] SystemI::createSoundInternal             :     Create name='', mode=0x02000202
[LOG] SystemI::createSoundInternal             :     exinfo->cbsize             = 224
[LOG] SystemI::createSoundInternal             :     exinfo->length             = 141632
[LOG] SystemI::createSoundInternal             :     exinfo->fileoffset         = 10496
[LOG] SystemI::createSoundInternal             :     exinfo->numsubsounds       = 1
[LOG] SystemI::createSoundInternal             :     exinfo->inclusionlist      = 000000E191C6F478
[LOG] SystemI::createSoundInternal             :     exinfo->inclusionlistnum   = 1
[LOG] SystemI::createSoundInternal             :     exinfo->suggestedsoundtype = 5
[LOG] SystemI::createSoundInternal             :     exinfo->useropen           = 00007FFB18DC4130
[LOG] SystemI::createSoundInternal             :     exinfo->userclose          = 00007FFB18DC40F0
[LOG] SystemI::createSoundInternal             :     exinfo->userread           = 00007FFB18DC4210
[LOG] SystemI::createSoundInternal             :     exinfo->userseek           = 00007FFB18DC42D0
[LOG] SystemI::createSoundInternal             :     exinfo->fileuserdata       = 000002CB890C8F58
[LOG] SystemI::createSoundInternal             :     exinfo->initialseekpostype = 1
[LOG] SystemI::DSPCodecPoolRegister            :     register codec pool for pool type 5
[LOG] SystemI::createSoundInternal             :     Sample 0/1: name='lvl 3 step 5', format=5, channels=2, frequency=48000, lengthbytes=7904, lengthpcm=98155, pcmblocksize=0, loopstart=0, loopend=0, mode=0x00000000, channelmask=0x00000000, channelorder=0, peakvolume=0.188946.
[LOG] SystemI::createSoundInternal             :     Create name='', mode=0x02000202
[LOG] SystemI::createSoundInternal             :     exinfo->cbsize             = 224
[LOG] SystemI::createSoundInternal             :     exinfo->length             = 141632
[LOG] SystemI::createSoundInternal             :     exinfo->fileoffset         = 10496
[LOG] SystemI::createSoundInternal             :     exinfo->numsubsounds       = 1
[LOG] SystemI::createSoundInternal             :     exinfo->inclusionlist      = 000000E191C6F478
[LOG] SystemI::createSoundInternal             :     exinfo->inclusionlistnum   = 1
[LOG] SystemI::createSoundInternal             :     exinfo->suggestedsoundtype = 5
[LOG] SystemI::createSoundInternal             :     exinfo->useropen           = 00007FFB18DC4130
[LOG] SystemI::createSoundInternal             :     exinfo->userclose          = 00007FFB18DC40F0
[LOG] SystemI::createSoundInternal             :     exinfo->userread           = 00007FFB18DC4210
[LOG] SystemI::createSoundInternal             :     exinfo->userseek           = 00007FFB18DC42D0
[LOG] SystemI::createSoundInternal             :     exinfo->fileuserdata       = 000002CB890C8F58
[LOG] SystemI::createSoundInternal             :     exinfo->initialseekpostype = 1
[LOG] SystemI::DSPCodecPoolRegister            :     register codec pool for pool type 5
[LOG] SystemI::createSoundInternal             :     Sample 0/1: name='lvl 3 step 2', format=5, channels=2, frequency=48000, lengthbytes=6976, lengthpcm=107071, pcmblocksize=0, loopstart=0, loopend=0, mode=0x00000000, channelmask=0x00000000, channelorder=0, peakvolume=0.154516.
[LOG] SystemI::createSoundInternal             :     Create name='', mode=0x02000202
[LOG] SystemI::createSoundInternal             :     exinfo->cbsize             = 224
[LOG] SystemI::createSoundInternal             :     exinfo->length             = 141632
[LOG] SystemI::createSoundInternal             :     exinfo->fileoffset         = 10496
[LOG] SystemI::createSoundInternal             :     exinfo->numsubsounds       = 1
[LOG] SystemI::createSoundInternal             :     exinfo->inclusionlist      = 000000E191C6F478
[LOG] SystemI::createSoundInternal             :     exinfo->inclusionlistnum   = 1
[LOG] SystemI::createSoundInternal             :     exinfo->suggestedsoundtype = 5
[LOG] SystemI::createSoundInternal             :     exinfo->useropen           = 00007FFB18DC4130
[LOG] SystemI::createSoundInternal             :     exinfo->userclose          = 00007FFB18DC40F0
[LOG] SystemI::createSoundInternal             :     exinfo->userread           = 00007FFB18DC4210
[LOG] SystemI::createSoundInternal             :     exinfo->userseek           = 00007FFB18DC42D0
[LOG] SystemI::createSoundInternal             :     exinfo->fileuserdata       = 000002CB890C8F58
[LOG] SystemI::createSoundInternal             :     exinfo->initialseekpostype = 1
[LOG] SystemI::DSPCodecPoolRegister            :     register codec pool for pool type 5
[LOG] SystemI::createSoundInternal             :     Sample 0/1: name='lvl 3 step 8', format=5, channels=2, frequency=48000, lengthbytes=6496, lengthpcm=98155, pcmblocksize=0, loopstart=0, loopend=0, mode=0x00000000, channelmask=0x00000000, channelorder=0, peakvolume=0.094959.
[LOG] AsyncThread::threadFunc                  : Finished Asynchronous operation on sound 000002CB1D177A38
[LOG] SystemI::createSoundInternal             : Create name='', mode=0x02000202
[LOG] SystemI::createSoundInternal             : exinfo->cbsize             = 224
[LOG] SystemI::createSoundInternal             : exinfo->length             = 141632
[LOG] SystemI::createSoundInternal             : exinfo->fileoffset         = 10496
[LOG] SystemI::createSoundInternal             : exinfo->numsubsounds       = 1
[LOG] SystemI::createSoundInternal             : exinfo->inclusionlist      = 000000E191C6F478
[LOG] SystemI::createSoundInternal             : exinfo->inclusionlistnum   = 1
[LOG] SystemI::createSoundInternal             : exinfo->suggestedsoundtype = 5
[LOG] SystemI::createSoundInternal             : exinfo->useropen           = 00007FFB18DC4130
[LOG] SystemI::createSoundInternal             : exinfo->userclose          = 00007FFB18DC40F0
[LOG] SystemI::createSoundInternal             : exinfo->userread           = 00007FFB18DC4210
[LOG] SystemI::createSoundInternal             : exinfo->userseek           = 00007FFB18DC42D0
[LOG] SystemI::createSoundInternal             : exinfo->fileuserdata       = 000002CB890C8F58
[LOG] SystemI::createSoundInternal             : exinfo->initialseekpostype = 1
[LOG] SystemI::DSPCodecPoolRegister            : register codec pool for pool type 5
[LOG] SystemI::createSoundInternal             : Sample 0/1: name='lvl 3 step 7', format=5, channels=2, frequency=48000, lengthbytes=6560, lengthpcm=101498, pcmblocksize=0, loopstart=0, loopend=0, mode=0x00000000, channelmask=0x00000000, channelorder=0, peakvolume=0.107203.
[LOG] SystemI::createSoundInternal             : Create name='', mode=0x02000202
[LOG] SystemI::createSoundInternal             : exinfo->cbsize             = 224
[LOG] SystemI::createSoundInternal             : exinfo->length             = 141632
[LOG] SystemI::createSoundInternal             : exinfo->fileoffset         = 10496
[LOG] SystemI::createSoundInternal             : exinfo->numsubsounds       = 1
[LOG] SystemI::createSoundInternal             : exinfo->inclusionlist      = 000000E191C6F478
[LOG] SystemI::createSoundInternal             : exinfo->inclusionlistnum   = 1
[LOG] SystemI::createSoundInternal             : exinfo->suggestedsoundtype = 5
[LOG] SystemI::createSoundInternal             : exinfo->useropen           = 00007FFB18DC4130
[LOG] SystemI::createSoundInternal             : exinfo->userclose          = 00007FFB18DC40F0
[LOG] SystemI::createSoundInternal             : exinfo->userread           = 00007FFB18DC4210
[LOG] SystemI::createSoundInternal             : exinfo->userseek           = 00007FFB18DC42D0
[LOG] SystemI::createSoundInternal             : exinfo->fileuserdata       = 000002CB890C8F58
[LOG] SystemI::createSoundInternal             : exinfo->initialseekpostype = 1
[LOG] SystemI::DSPCodecPoolRegister            : register codec pool for pool type 5
[LOG] SystemI::createSoundInternal             : Sample 0/1: name='lvl 3 step 3', format=5, channels=2, frequency=48000, lengthbytes=7232, lengthpcm=104842, pcmblocksize=0, loopstart=0, loopend=0, mode=0x00000000, channelmask=0x00000000, channelorder=0, peakvolume=0.158180.
[LOG] SystemI::createSoundInternal             : Create name='', mode=0x02000202
[LOG] SystemI::createSoundInternal             : exinfo->cbsize             = 224
[LOG] SystemI::createSoundInternal             : exinfo->length             = 141632
[LOG] SystemI::createSoundInternal             : exinfo->fileoffset         = 10496
[LOG] SystemI::createSoundInternal             : exinfo->numsubsounds       = 1
[LOG] SystemI::createSoundInternal             : exinfo->inclusionlist      = 000000E191C6F478
[LOG] SystemI::createSoundInternal             : exinfo->inclusionlistnum   = 1
[LOG] SystemI::createSoundInternal             : exinfo->suggestedsoundtype = 5
[LOG] SystemI::createSoundInternal             : exinfo->useropen           = 00007FFB18DC4130
[LOG] SystemI::createSoundInternal             : exinfo->userclose          = 00007FFB18DC40F0
[LOG] SystemI::createSoundInternal             : exinfo->userread           = 00007FFB18DC4210
[LOG] SystemI::createSoundInternal             : exinfo->userseek           = 00007FFB18DC42D0
[LOG] SystemI::createSoundInternal             : exinfo->fileuserdata       = 000002CB890C8F58
[LOG] SystemI::createSoundInternal             : exinfo->initialseekpostype = 1
[LOG] SystemI::DSPCodecPoolRegister            : register codec pool for pool type 5
[LOG] SystemI::createSoundInternal             : Sample 0/1: name='lvl 3 step 6', format=5, channels=2, frequency=48000, lengthbytes=7456, lengthpcm=109300, pcmblocksize=0, loopstart=0, loopend=0, mode=0x00000000, channelmask=0x00000000, channelorder=0, peakvolume=0.089886.
[LOG] SystemI::createSoundInternal             : Create name='', mode=0x02000202
[LOG] SystemI::createSoundInternal             : exinfo->cbsize             = 224
[LOG] SystemI::createSoundInternal             : exinfo->length             = 5598144
[LOG] SystemI::createSoundInternal             : exinfo->fileoffset         = 73344
[LOG] SystemI::createSoundInternal             : exinfo->numsubsounds       = 1
[LOG] SystemI::createSoundInternal             : exinfo->inclusionlist      = 000000E191C6F478
[LOG] SystemI::createSoundInternal             : exinfo->inclusionlistnum   = 1
[LOG] SystemI::createSoundInternal             : exinfo->suggestedsoundtype = 5
[LOG] SystemI::createSoundInternal             : exinfo->useropen           = 00007FFB18DC4130
[LOG] SystemI::createSoundInternal             : exinfo->userclose          = 00007FFB18DC40F0
[LOG] SystemI::createSoundInternal             : exinfo->userread           = 00007FFB18DC4210
[LOG] SystemI::createSoundInternal             : exinfo->userseek           = 00007FFB18DC42D0
[LOG] SystemI::createSoundInternal             : exinfo->fileuserdata       = 000002CBF7EC3728
[LOG] SystemI::createSoundInternal             : exinfo->initialseekpostype = 1
[LOG] SystemI::DSPCodecPoolRegister            : register codec pool for pool type 5
[LOG] SystemI::createSoundInternal             : Sample 0/1: name='im scared 2', format=5, channels=2, frequency=48000, lengthbytes=47104, lengthpcm=227953, pcmblocksize=0, loopstart=0, loopend=0, mode=0x00000000, channelmask=0x00000000, channelorder=0, peakvolume=0.054281.
[LOG] SoundI::release                          : LEVEL 3 (000002CB1D177A38)
[LOG] SoundI::release                          :     LEVEL 3 (000002CAAABC56D8)
[LOG] SoundI::release                          :     LEVEL 3 (000002CB13651A98)
[LOG] SoundI::release                          :  (000002CC6D00CA18)
[LOG] SoundI::release                          :     underwater-6236 (000002CC9CFB5D78)
[LOG] SoundI::release                          :  (000002CAA62A7508)
[LOG] SoundI::release                          :     im scared 2 (000002CAA5D0DC88)
[LOG] SoundI::release                          :  (000002CC6D00CCF8)
[LOG] SoundI::release                          :     lvl 3 step 1 (000002CC9CFB6DB8)
[LOG] SoundI::release                          :  (000002CC6D00C738)
[LOG] SoundI::release                          :     lvl 3 step 10 (000002CC9CFB6598)
[LOG] SoundI::release                          :  (000002CB1251D738)
[LOG] SoundI::release                          :     lvl 3 step 2 (000002CC9CFB53B8)
[LOG] SoundI::release                          :  (000002CBF7D42718)
[LOG] SoundI::release                          :     lvl 3 step 3 (000002CB230CC188)
[LOG] SoundI::release                          :  (000002CC6D00CE68)
[LOG] SoundI::release                          :     lvl 3 step 4 (000002CC9CFB5078)
[LOG] SoundI::release                          :  (000002CC6D00C8A8)
[LOG] SoundI::release                          :     lvl 3 step 5 (000002CC9CFB5218)
[LOG] SoundI::release                          :  (000002CC5943DD28)
[LOG] SoundI::release                          :     lvl 3 step 6 (000002CAA5CE1188)
[LOG] SoundI::release                          :  (000002CBF7D429F8)
[LOG] SoundI::release                          :     lvl 3 step 7 (000002CB853B2F28)
[LOG] SoundI::release                          :  (000002CB1251D8A8)
[LOG] SoundI::release                          :     lvl 3 step 8 (000002CC9CFB5A38)
[LOG] SoundI::release                          :  (000002CC6D00C178)
[LOG] SoundI::release                          :     lvl 3 step 9 (000002CC9CFB68D8)
[LOG] Thread::callback                         : FMOD Studio update thread finished.
[LOG] Thread::callback                         : FMOD Studio bank load thread finished.
[LOG] Profile::disconnectAll                   : Profiler disconnecting all clients
[LOG] Thread::callback                         : FMOD Studio sample load thread finished.
[LOG] LiveUpdate::release                      : 
[LOG] LiveUpdate::reset                        : Reset connection (reason Disconnected)
[LOG] Thread::callback                         : FMOD stream thread finished.
[LOG] Thread::callback                         : FMOD mixer thread finished.
[LOG] Profile::disconnectAll                   : Profiler disconnecting all clients
[LOG] SystemI::close                           : Closed.
